<?xml version="1.0" encoding="UTF-8"?>
<testsuite xmlns:xsi="http://www.w3.org/2001/XMLSchema-instance" xsi:noNamespaceSchemaLocation="https://maven.apache.org/surefire/maven-surefire-plugin/xsd/surefire-test-report.xsd" name="TestSuite" time="53.97" tests="9" errors="0" skipped="0" failures="7">
  <properties>
[...]
</properties>
  <testcase name="testCategoriesMenuVisible" classname="com.rozetka.tests.HomePageTest" time="0.538">
    <failure message="Unable to locate element: ul.menu-categories&#10;For documentation on this error, please visit: https://selenium.dev/exceptions/#no_such_element&#10;Build info: version: &apos;4.1.4&apos;, revision: &apos;535d840ee2&apos;&#10;System info: host: &apos;EXJUSTICE&apos;, ip: &apos;192.168.0.102&apos;, os.name: &apos;Windows 10&apos;, os.arch: &apos;amd64&apos;, os.version: &apos;10.0&apos;, java.version: &apos;1.8.0_202&apos;&#10;Driver info: org.openqa.selenium.firefox.FirefoxDriver&#10;Command: [edd8f625-bef5-4512-9e4f-e1733425f31b, findElement {using=css selector, value=ul.menu-categories}]&#10;Capabilities {acceptInsecureCerts: true, browserName: firefox, browserVersion: 140.0, javascriptEnabled: true, moz:accessibilityChecks: false, moz:buildID: 20250530091050, moz:geckodriverVersion: 0.36.0, moz:headless: false, moz:platformVersion: 10.0, moz:processID: 59412, moz:profile: C:\Users\andre\AppData\Loca..., moz:shutdownTimeout: 60000, moz:webdriverClick: true, moz:windowless: false, pageLoadStrategy: normal, platform: WINDOWS, platformName: WINDOWS, proxy: Proxy(), setWindowRect: true, strictFileInteractability: false, timeouts: {implicit: 0, pageLoad: 300000, script: 30000}, unhandledPromptBehavior: dismiss and notify, userAgent: Mozilla/5.0 (Windows NT 10....}&#10;Session ID: edd8f625-bef5-4512-9e4f-e1733425f31b" type="org.openqa.selenium.NoSuchElementException">org.openqa.selenium.NoSuchElementException: 
Unable to locate element: ul.menu-categories
For documentation on this error, please visit: https://selenium.dev/exceptions/#no_such_element
Build info: version: '4.1.4', revision: '535d840ee2'
System info: host: 'EXJUSTICE', ip: '192.168.0.102', os.name: 'Windows 10', os.arch: 'amd64', os.version: '10.0', java.version: '1.8.0_202'
Driver info: org.openqa.selenium.firefox.FirefoxDriver
Command: [edd8f625-bef5-4512-9e4f-e1733425f31b, findElement {using=css selector, value=ul.menu-categories}]
Capabilities {acceptInsecureCerts: true, browserName: firefox, browserVersion: 140.0, javascriptEnabled: true, moz:accessibilityChecks: false, moz:buildID: 20250530091050, moz:geckodriverVersion: 0.36.0, moz:headless: false, moz:platformVersion: 10.0, moz:processID: 59412, moz:profile: C:\Users\andre\AppData\Loca..., moz:shutdownTimeout: 60000, moz:webdriverClick: true, moz:windowless: false, pageLoadStrategy: normal, platform: WINDOWS, platformName: WINDOWS, proxy: Proxy(), setWindowRect: true, strictFileInteractability: false, timeouts: {implicit: 0, pageLoad: 300000, script: 30000}, unhandledPromptBehavior: dismiss and notify, userAgent: Mozilla/5.0 (Windows NT 10....}
Session ID: edd8f625-bef5-4512-9e4f-e1733425f31b
	at com.rozetka.tests.HomePageTest.testCategoriesMenuVisible(HomePageTest.java:26)
</failure>
    <system-err><![CDATA[[main] INFO io.github.bonigarcia.wdm.WebDriverManager - Reading https://raw.githubusercontent.com/bonigarcia/webdrivermanager/master/docs/mirror/geckodriver to seek geckodriver
[main] INFO io.github.bonigarcia.wdm.WebDriverManager - Exporting webdriver.gecko.driver as C:\Users\andre\.cache\selenium\geckodriver\win64\0.36.0\geckodriver.exe
1748807306946	geckodriver	INFO	Listening on 127.0.0.1:56129
1748807307691	mozrunner::runner	INFO	Running command: "C:\\Program Files\\Firefox Developer Edition\\firefox.exe" "--marionette" "--remote-debugging-port" "50609" "--remote-allow-hosts" "localhost" "-no-remote" "-profile" "C:\\Users\\andre\\AppData\\Local\\Temp\\rust_mozprofile2lTkvB"
console.warn: services.settings: Ignoring preference override of remote settings server
console.warn: services.settings: Allow by setting MOZ_REMOTE_SETTINGS_DEVTOOLS=1 in the environment
Dynamically enable window occlusion 0
1748807307855	Marionette	INFO	Marionette enabled
1748807307912	Marionette	INFO	Listening on port 50959
WebDriver BiDi listening on ws://127.0.0.1:50609
Read port: 50959
1748807308034	RemoteAgent	WARN	TLS certificate errors will be ignored for this session
июн 01, 2025 10:48:28 PM org.openqa.selenium.remote.ProtocolHandshake createSession
INFO: Detected dialect: W3C
]]></system-err>
  </testcase>
  <testcase name="testHomePageTitle" classname="com.rozetka.tests.HomePageTest" time="0.003"/>
  <testcase name="testSearchFieldVisible" classname="com.rozetka.tests.HomePageTest" time="0.023"/>
  <testcase name="testEmptySearch" classname="com.rozetka.tests.SearchTest" time="1.6">
    <failure message="Unable to locate element: div.search-empty&#10;For documentation on this error, please visit: https://selenium.dev/exceptions/#no_such_element&#10;Build info: version: &apos;4.1.4&apos;, revision: &apos;535d840ee2&apos;&#10;System info: host: &apos;EXJUSTICE&apos;, ip: &apos;192.168.0.102&apos;, os.name: &apos;Windows 10&apos;, os.arch: &apos;amd64&apos;, os.version: &apos;10.0&apos;, java.version: &apos;1.8.0_202&apos;&#10;Driver info: org.openqa.selenium.firefox.FirefoxDriver&#10;Command: [9a8bd394-cfe3-4bd4-8db4-fa9c596c6281, findElement {using=css selector, value=div.search-empty}]&#10;Capabilities {acceptInsecureCerts: true, browserName: firefox, browserVersion: 140.0, javascriptEnabled: true, moz:accessibilityChecks: false, moz:buildID: 20250530091050, moz:geckodriverVersion: 0.36.0, moz:headless: false, moz:platformVersion: 10.0, moz:processID: 48736, moz:profile: C:\Users\andre\AppData\Loca..., moz:shutdownTimeout: 60000, moz:webdriverClick: true, moz:windowless: false, pageLoadStrategy: normal, platform: WINDOWS, platformName: WINDOWS, proxy: Proxy(), setWindowRect: true, strictFileInteractability: false, timeouts: {implicit: 0, pageLoad: 300000, script: 30000}, unhandledPromptBehavior: dismiss and notify, userAgent: Mozilla/5.0 (Windows NT 10....}&#10;Session ID: 9a8bd394-cfe3-4bd4-8db4-fa9c596c6281" type="org.openqa.selenium.NoSuchElementException">org.openqa.selenium.NoSuchElementException: 
Unable to locate element: div.search-empty
For documentation on this error, please visit: https://selenium.dev/exceptions/#no_such_element
Build info: version: '4.1.4', revision: '535d840ee2'
System info: host: 'EXJUSTICE', ip: '192.168.0.102', os.name: 'Windows 10', os.arch: 'amd64', os.version: '10.0', java.version: '1.8.0_202'
Driver info: org.openqa.selenium.firefox.FirefoxDriver
Command: [9a8bd394-cfe3-4bd4-8db4-fa9c596c6281, findElement {using=css selector, value=div.search-empty}]
Capabilities {acceptInsecureCerts: true, browserName: firefox, browserVersion: 140.0, javascriptEnabled: true, moz:accessibilityChecks: false, moz:buildID: 20250530091050, moz:geckodriverVersion: 0.36.0, moz:headless: false, moz:platformVersion: 10.0, moz:processID: 48736, moz:profile: C:\Users\andre\AppData\Loca..., moz:shutdownTimeout: 60000, moz:webdriverClick: true, moz:windowless: false, pageLoadStrategy: normal, platform: WINDOWS, platformName: WINDOWS, proxy: Proxy(), setWindowRect: true, strictFileInteractability: false, timeouts: {implicit: 0, pageLoad: 300000, script: 30000}, unhandledPromptBehavior: dismiss and notify, userAgent: Mozilla/5.0 (Windows NT 10....}
Session ID: 9a8bd394-cfe3-4bd4-8db4-fa9c596c6281
	at com.rozetka.tests.SearchTest.testEmptySearch(SearchTest.java:28)
</failure>
    <system-err><![CDATA[1748807310352	Marionette	INFO	Stopped listening on port 50959
Dynamically enable window occlusion 1
JavaScript warning: https://xl-static.rozetka.com.ua/polyfills.0f519603c4da725d.js, line 1: Script terminated by timeout at:
74124/</S/</<@https://xl-static.rozetka.com.ua/polyfills.0f519603c4da725d.js:1:24178

console.error: (new TypeError("WeakMap key null must be an object", "chrome://remote/content/shared/WindowManager.sys.mjs", 189))
console.error: "Failed to fetch https://ads.mozilla.org/v1/delete_user:" "NetworkError when attempting to fetch resource."
console.warn: TopSitesFeed: Failed to fetch data from MARS server: NetworkError when attempting to fetch resource.
JavaScript error: resource://services-settings/RemoteSettingsClient.sys.mjs, line 101: Error: Unknown callback
[main] INFO io.github.bonigarcia.wdm.WebDriverManager - Reading https://raw.githubusercontent.com/bonigarcia/webdrivermanager/master/docs/mirror/geckodriver to seek geckodriver
[main] INFO io.github.bonigarcia.wdm.WebDriverManager - Exporting webdriver.gecko.driver as C:\Users\andre\.cache\selenium\geckodriver\win64\0.36.0\geckodriver.exe
1748807311281	geckodriver	INFO	Listening on 127.0.0.1:63537
1748807311774	mozrunner::runner	INFO	Running command: "C:\\Program Files\\Firefox Developer Edition\\firefox.exe" "--marionette" "--remote-debugging-port" "64054" "--remote-allow-hosts" "localhost" "-no-remote" "-profile" "C:\\Users\\andre\\AppData\\Local\\Temp\\rust_mozprofileSeBjxj"
console.warn: services.settings: Ignoring preference override of remote settings server
console.warn: services.settings: Allow by setting MOZ_REMOTE_SETTINGS_DEVTOOLS=1 in the environment
Dynamically enable window occlusion 0
1748807311938	Marionette	INFO	Marionette enabled
1748807311997	Marionette	INFO	Listening on port 51036
WebDriver BiDi listening on ws://127.0.0.1:64054
Read port: 51036
1748807312112	RemoteAgent	WARN	TLS certificate errors will be ignored for this session
июн 01, 2025 10:48:32 PM org.openqa.selenium.remote.ProtocolHandshake createSession
INFO: Detected dialect: W3C
]]></system-err>
  </testcase>
  <testcase name="testSearchForProduct" classname="com.rozetka.tests.SearchTest" time="0.164">
    <failure message="Element &lt;button class=&quot;button button_color_green button_size_medium search-form__submit&quot;&gt; is not clickable at point (1029,64) because another element &lt;iframe src=&quot;https://accounts.google.com/gsi/iframe/select?client_id=5458514456-8gm2oc3quosun7cj5p56nmiurcv7npjn.apps.googleusercontent.com&amp;ux_mode=popup&amp;ui_mode=card&amp;as=HuIbTlNZNuY5pofj6sxE2epMbmXE0yX3AsAZvIZqwBE&amp;is_itp=true&amp;channel_id=3b781dcceb7a98affc8d2bf2dc0a97bc9817cecf0a0d964933b03a5a2678c1e2&amp;origin=https%3A%2F%2Frozetka.com.ua&amp;oauth2_auth_url=https%3A%2F%2Faccounts.google.com%2Fo%2Foauth2%2Fv2%2Fauth&quot;&gt; obscures it&#10;Build info: version: &apos;4.1.4&apos;, revision: &apos;535d840ee2&apos;&#10;System info: host: &apos;EXJUSTICE&apos;, ip: &apos;192.168.0.102&apos;, os.name: &apos;Windows 10&apos;, os.arch: &apos;amd64&apos;, os.version: &apos;10.0&apos;, java.version: &apos;1.8.0_202&apos;&#10;Driver info: org.openqa.selenium.firefox.FirefoxDriver&#10;Command: [9a8bd394-cfe3-4bd4-8db4-fa9c596c6281, clickElement {id=2b11cd3e-f06b-4489-ab9e-a92e075a734e}]&#10;Capabilities {acceptInsecureCerts: true, browserName: firefox, browserVersion: 140.0, javascriptEnabled: true, moz:accessibilityChecks: false, moz:buildID: 20250530091050, moz:geckodriverVersion: 0.36.0, moz:headless: false, moz:platformVersion: 10.0, moz:processID: 48736, moz:profile: C:\Users\andre\AppData\Loca..., moz:shutdownTimeout: 60000, moz:webdriverClick: true, moz:windowless: false, pageLoadStrategy: normal, platform: WINDOWS, platformName: WINDOWS, proxy: Proxy(), setWindowRect: true, strictFileInteractability: false, timeouts: {implicit: 0, pageLoad: 300000, script: 30000}, unhandledPromptBehavior: dismiss and notify, userAgent: Mozilla/5.0 (Windows NT 10....}&#10;Element: [[FirefoxDriver: firefox on WINDOWS (9a8bd394-cfe3-4bd4-8db4-fa9c596c6281)] -&gt; css selector: button.search-form__submit]&#10;Session ID: 9a8bd394-cfe3-4bd4-8db4-fa9c596c6281" type="org.openqa.selenium.ElementClickInterceptedException"><![CDATA[org.openqa.selenium.ElementClickInterceptedException: 
Element <button class="button button_color_green button_size_medium search-form__submit"> is not clickable at point (1029,64) because another element <iframe src="https://accounts.google.com/gsi/iframe/select?client_id=5458514456-8gm2oc3quosun7cj5p56nmiurcv7npjn.apps.googleusercontent.com&ux_mode=popup&ui_mode=card&as=HuIbTlNZNuY5pofj6sxE2epMbmXE0yX3AsAZvIZqwBE&is_itp=true&channel_id=3b781dcceb7a98affc8d2bf2dc0a97bc9817cecf0a0d964933b03a5a2678c1e2&origin=https%3A%2F%2Frozetka.com.ua&oauth2_auth_url=https%3A%2F%2Faccounts.google.com%2Fo%2Foauth2%2Fv2%2Fauth"> obscures it
Build info: version: '4.1.4', revision: '535d840ee2'
System info: host: 'EXJUSTICE', ip: '192.168.0.102', os.name: 'Windows 10', os.arch: 'amd64', os.version: '10.0', java.version: '1.8.0_202'
Driver info: org.openqa.selenium.firefox.FirefoxDriver
Command: [9a8bd394-cfe3-4bd4-8db4-fa9c596c6281, clickElement {id=2b11cd3e-f06b-4489-ab9e-a92e075a734e}]
Capabilities {acceptInsecureCerts: true, browserName: firefox, browserVersion: 140.0, javascriptEnabled: true, moz:accessibilityChecks: false, moz:buildID: 20250530091050, moz:geckodriverVersion: 0.36.0, moz:headless: false, moz:platformVersion: 10.0, moz:processID: 48736, moz:profile: C:\Users\andre\AppData\Loca..., moz:shutdownTimeout: 60000, moz:webdriverClick: true, moz:windowless: false, pageLoadStrategy: normal, platform: WINDOWS, platformName: WINDOWS, proxy: Proxy(), setWindowRect: true, strictFileInteractability: false, timeouts: {implicit: 0, pageLoad: 300000, script: 30000}, unhandledPromptBehavior: dismiss and notify, userAgent: Mozilla/5.0 (Windows NT 10....}
Element: [[FirefoxDriver: firefox on WINDOWS (9a8bd394-cfe3-4bd4-8db4-fa9c596c6281)] -> css selector: button.search-form__submit]
Session ID: 9a8bd394-cfe3-4bd4-8db4-fa9c596c6281
	at com.rozetka.tests.SearchTest.testSearchForProduct(SearchTest.java:15)
]]></failure>
  </testcase>
  <testcase name="testAddToCart" classname="com.rozetka.tests.ProductTest" time="12.256">
    <failure message="Expected condition failed: waiting for visibility of Proxy element for: DefaultElementLocator &apos;By.cssSelector: a.goods-tile__picture:first-child&apos; (tried for 10 second(s) with 500 milliseconds interval)" type="org.openqa.selenium.TimeoutException">org.openqa.selenium.TimeoutException: Expected condition failed: waiting for visibility of Proxy element for: DefaultElementLocator 'By.cssSelector: a.goods-tile__picture:first-child' (tried for 10 second(s) with 500 milliseconds interval)
	at com.rozetka.tests.ProductTest.testAddToCart(ProductTest.java:36)
Caused by: org.openqa.selenium.NoSuchElementException: 
Unable to locate element: a.goods-tile__picture:first-child
For documentation on this error, please visit: https://selenium.dev/exceptions/#no_such_element
Build info: version: '4.1.4', revision: '535d840ee2'
System info: host: 'EXJUSTICE', ip: '192.168.0.102', os.name: 'Windows 10', os.arch: 'amd64', os.version: '10.0', java.version: '1.8.0_202'
Driver info: org.openqa.selenium.firefox.FirefoxDriver
Command: [c4af70b2-952f-4710-bb24-c446a3ec9dc2, findElement {using=css selector, value=a.goods-tile__picture:first-child}]
Capabilities {acceptInsecureCerts: true, browserName: firefox, browserVersion: 140.0, javascriptEnabled: true, moz:accessibilityChecks: false, moz:buildID: 20250530091050, moz:geckodriverVersion: 0.36.0, moz:headless: false, moz:platformVersion: 10.0, moz:processID: 61900, moz:profile: C:\Users\andre\AppData\Loca..., moz:shutdownTimeout: 60000, moz:webdriverClick: true, moz:windowless: false, pageLoadStrategy: normal, platform: WINDOWS, platformName: WINDOWS, proxy: Proxy(), setWindowRect: true, strictFileInteractability: false, timeouts: {implicit: 0, pageLoad: 300000, script: 30000}, unhandledPromptBehavior: dismiss and notify, userAgent: Mozilla/5.0 (Windows NT 10....}
Session ID: c4af70b2-952f-4710-bb24-c446a3ec9dc2
	at com.rozetka.tests.ProductTest.testAddToCart(ProductTest.java:36)
</failure>
    <system-err><![CDATA[1748807315684	Marionette	INFO	Stopped listening on port 51036
Dynamically enable window occlusion 1
console.error: "Failed to fetch https://ads.mozilla.org/v1/delete_user:" "NetworkError when attempting to fetch resource."
console.warn: TopSitesFeed: Failed to fetch data from MARS server: NetworkError when attempting to fetch resource.
JavaScript error: resource://services-settings/RemoteSettingsClient.sys.mjs, line 101: Error: Unknown callback
[main] INFO io.github.bonigarcia.wdm.WebDriverManager - Reading https://raw.githubusercontent.com/bonigarcia/webdrivermanager/master/docs/mirror/geckodriver to seek geckodriver
[main] INFO io.github.bonigarcia.wdm.WebDriverManager - Exporting webdriver.gecko.driver as C:\Users\andre\.cache\selenium\geckodriver\win64\0.36.0\geckodriver.exe
1748807316621	geckodriver	INFO	Listening on 127.0.0.1:58887
1748807317114	mozrunner::runner	INFO	Running command: "C:\\Program Files\\Firefox Developer Edition\\firefox.exe" "--marionette" "--remote-debugging-port" "64525" "--remote-allow-hosts" "localhost" "-no-remote" "-profile" "C:\\Users\\andre\\AppData\\Local\\Temp\\rust_mozprofilelrP7yh"
console.warn: services.settings: Ignoring preference override of remote settings server
console.warn: services.settings: Allow by setting MOZ_REMOTE_SETTINGS_DEVTOOLS=1 in the environment
Dynamically enable window occlusion 0
1748807317277	Marionette	INFO	Marionette enabled
1748807317336	Marionette	INFO	Listening on port 51119
WebDriver BiDi listening on ws://127.0.0.1:64525
Read port: 51119
1748807317455	RemoteAgent	WARN	TLS certificate errors will be ignored for this session
июн 01, 2025 10:48:38 PM org.openqa.selenium.remote.ProtocolHandshake createSession
INFO: Detected dialect: W3C
]]></system-err>
  </testcase>
  <testcase name="testProductPageOpens" classname="com.rozetka.tests.ProductTest" time="11.736">
    <failure message="Expected condition failed: waiting for visibility of Proxy element for: DefaultElementLocator &apos;By.cssSelector: a.goods-tile__picture:first-child&apos; (tried for 10 second(s) with 500 milliseconds interval)" type="org.openqa.selenium.TimeoutException">org.openqa.selenium.TimeoutException: Expected condition failed: waiting for visibility of Proxy element for: DefaultElementLocator 'By.cssSelector: a.goods-tile__picture:first-child' (tried for 10 second(s) with 500 milliseconds interval)
	at com.rozetka.tests.ProductTest.testProductPageOpens(ProductTest.java:19)
Caused by: org.openqa.selenium.NoSuchElementException: 
Unable to locate element: a.goods-tile__picture:first-child
For documentation on this error, please visit: https://selenium.dev/exceptions/#no_such_element
Build info: version: '4.1.4', revision: '535d840ee2'
System info: host: 'EXJUSTICE', ip: '192.168.0.102', os.name: 'Windows 10', os.arch: 'amd64', os.version: '10.0', java.version: '1.8.0_202'
Driver info: org.openqa.selenium.firefox.FirefoxDriver
Command: [c4af70b2-952f-4710-bb24-c446a3ec9dc2, findElement {using=css selector, value=a.goods-tile__picture:first-child}]
Capabilities {acceptInsecureCerts: true, browserName: firefox, browserVersion: 140.0, javascriptEnabled: true, moz:accessibilityChecks: false, moz:buildID: 20250530091050, moz:geckodriverVersion: 0.36.0, moz:headless: false, moz:platformVersion: 10.0, moz:processID: 61900, moz:profile: C:\Users\andre\AppData\Loca..., moz:shutdownTimeout: 60000, moz:webdriverClick: true, moz:windowless: false, pageLoadStrategy: normal, platform: WINDOWS, platformName: WINDOWS, proxy: Proxy(), setWindowRect: true, strictFileInteractability: false, timeouts: {implicit: 0, pageLoad: 300000, script: 30000}, unhandledPromptBehavior: dismiss and notify, userAgent: Mozilla/5.0 (Windows NT 10....}
Session ID: c4af70b2-952f-4710-bb24-c446a3ec9dc2
	at com.rozetka.tests.ProductTest.testProductPageOpens(ProductTest.java:19)
</failure>
    <system-err><![CDATA[JavaScript warning: https://gum.criteo.com/syncframe?topUrl=rozetka.com.ua&origin=onetag#{%22bundle%22:{%22identifierExtractor%22:{%22origin%22:0},%22value%22:null},%22cw%22:true,%22optout%22:{%22identifierExtractor%22:{%22origin%22:0},%22value%22:null},%22origin%22:%22onetag%22,%22tld%22:%22rozetka.com.ua%22,%22topUrl%22:%22rozetka.com.ua%22,%22version%22:%225_37_0%22,%22ifa%22:{%22identifierExtractor%22:{%22origin%22:0},%22value%22:null},%22lsw%22:true,%22pm%22:0}, line 13: Script terminated by timeout at:
r.prototype.flushEventQueue@https://gum.criteo.com/syncframe?topUrl=rozetka.com.ua&origin=onetag#{%22bundle%22:{%22identifierExtractor%22:{%22origin%22:0},%22value%22:null},%22cw%22:true,%22optout%22:{%22identifierExtractor%22:{%22origin%22:0},%22value%22:null},%22origin%22:%22onetag%22,%22tld%22:%22rozetka.com.ua%22,%22topUrl%22:%22rozetka.com.ua%22,%22version%22:%225_37_0%22,%22ifa%22:{%22identifierExtractor%22:{%22origin%22:0},%22value%22:null},%22lsw%22:true,%22pm%22:0}:13:3137
r/<@https://gum.criteo.com/syncframe?topUrl=rozetka.com.ua&origin=onetag#{%22bundle%22:{%22identifierExtractor%22:{%22origin%22:0},%22value%22:null},%22cw%22:true,%22optout%22:{%22identifierExtractor%22:{%22origin%22:0},%22value%22:null},%22origin%22:%22onetag%22,%22tld%22:%22rozetka.com.ua%22,%22topUrl%22:%22rozetka.com.ua%22,%22version%22:%225_37_0%22,%22ifa%22:{%22identifierExtractor%22:{%22origin%22:0},%22value%22:null},%22lsw%22:true,%22pm%22:0}:13:3642

]]></system-err>
  </testcase>
  <testcase name="testCartTotalCalculation" classname="com.rozetka.tests.CartTest" time="12.368">
    <failure message="Expected condition failed: waiting for visibility of Proxy element for: DefaultElementLocator &apos;By.cssSelector: a.goods-tile__picture:first-child&apos; (tried for 10 second(s) with 500 milliseconds interval)" type="org.openqa.selenium.TimeoutException">org.openqa.selenium.TimeoutException: Expected condition failed: waiting for visibility of Proxy element for: DefaultElementLocator 'By.cssSelector: a.goods-tile__picture:first-child' (tried for 10 second(s) with 500 milliseconds interval)
	at com.rozetka.tests.CartTest.testCartTotalCalculation(CartTest.java:37)
Caused by: org.openqa.selenium.NoSuchElementException: 
Unable to locate element: a.goods-tile__picture:first-child
For documentation on this error, please visit: https://selenium.dev/exceptions/#no_such_element
Build info: version: '4.1.4', revision: '535d840ee2'
System info: host: 'EXJUSTICE', ip: '192.168.0.102', os.name: 'Windows 10', os.arch: 'amd64', os.version: '10.0', java.version: '1.8.0_202'
Driver info: org.openqa.selenium.firefox.FirefoxDriver
Command: [8fe9a10f-a6b5-473b-86d8-6fb9cdd055db, findElement {using=css selector, value=a.goods-tile__picture:first-child}]
Capabilities {acceptInsecureCerts: true, browserName: firefox, browserVersion: 140.0, javascriptEnabled: true, moz:accessibilityChecks: false, moz:buildID: 20250530091050, moz:geckodriverVersion: 0.36.0, moz:headless: false, moz:platformVersion: 10.0, moz:processID: 62948, moz:profile: C:\Users\andre\AppData\Loca..., moz:shutdownTimeout: 60000, moz:webdriverClick: true, moz:windowless: false, pageLoadStrategy: normal, platform: WINDOWS, platformName: WINDOWS, proxy: Proxy(), setWindowRect: true, strictFileInteractability: false, timeouts: {implicit: 0, pageLoad: 300000, script: 30000}, unhandledPromptBehavior: dismiss and notify, userAgent: Mozilla/5.0 (Windows NT 10....}
Session ID: 8fe9a10f-a6b5-473b-86d8-6fb9cdd055db
	at com.rozetka.tests.CartTest.testCartTotalCalculation(CartTest.java:37)
</failure>
    <system-err><![CDATA[1748807343202	Marionette	INFO	Stopped listening on port 51119
Dynamically enable window occlusion 1
console.error: "Failed to fetch https://ads.mozilla.org/v1/delete_user:" "NetworkError when attempting to fetch resource."
console.warn: TopSitesFeed: Failed to fetch data from MARS server: NetworkError when attempting to fetch resource.
JavaScript error: resource://services-settings/RemoteSettingsClient.sys.mjs, line 101: Error: Unknown callback
[main] INFO io.github.bonigarcia.wdm.WebDriverManager - Reading https://raw.githubusercontent.com/bonigarcia/webdrivermanager/master/docs/mirror/geckodriver to seek geckodriver
[main] INFO io.github.bonigarcia.wdm.WebDriverManager - Exporting webdriver.gecko.driver as C:\Users\andre\.cache\selenium\geckodriver\win64\0.36.0\geckodriver.exe
1748807344121	geckodriver	INFO	Listening on 127.0.0.1:57391
1748807344614	mozrunner::runner	INFO	Running command: "C:\\Program Files\\Firefox Developer Edition\\firefox.exe" "--marionette" "--remote-debugging-port" "51866" "--remote-allow-hosts" "localhost" "-no-remote" "-profile" "C:\\Users\\andre\\AppData\\Local\\Temp\\rust_mozprofilewhfPtv"
console.warn: services.settings: Ignoring preference override of remote settings server
console.warn: services.settings: Allow by setting MOZ_REMOTE_SETTINGS_DEVTOOLS=1 in the environment
Dynamically enable window occlusion 0
1748807344785	Marionette	INFO	Marionette enabled
1748807344840	Marionette	INFO	Listening on port 51282
WebDriver BiDi listening on ws://127.0.0.1:51866
Read port: 51282
1748807344957	RemoteAgent	WARN	TLS certificate errors will be ignored for this session
июн 01, 2025 10:49:05 PM org.openqa.selenium.remote.ProtocolHandshake createSession
INFO: Detected dialect: W3C
]]></system-err>
  </testcase>
  <testcase name="testProductAddedToCart" classname="com.rozetka.tests.CartTest" time="0.059">
    <failure message="Element &lt;button class=&quot;button button_color_green button_size_medium search-form__submit&quot;&gt; is not clickable at point (1029,64) because another element &lt;iframe src=&quot;https://accounts.google.com/gsi/iframe/select?client_id=5458514456-8gm2oc3quosun7cj5p56nmiurcv7npjn.apps.googleusercontent.com&amp;ux_mode=popup&amp;ui_mode=card&amp;as=jueHmju1kAAgZ0v4uXIf1EvEd-wKykdN1_5cwO01aGk&amp;is_itp=true&amp;channel_id=dc1edb3cd93edc9f19094ff75365f7c98753dfd0e54db5a40734d16a9b16a8ee&amp;origin=https%3A%2F%2Frozetka.com.ua&amp;oauth2_auth_url=https%3A%2F%2Faccounts.google.com%2Fo%2Foauth2%2Fv2%2Fauth&quot;&gt; obscures it&#10;Build info: version: &apos;4.1.4&apos;, revision: &apos;535d840ee2&apos;&#10;System info: host: &apos;EXJUSTICE&apos;, ip: &apos;192.168.0.102&apos;, os.name: &apos;Windows 10&apos;, os.arch: &apos;amd64&apos;, os.version: &apos;10.0&apos;, java.version: &apos;1.8.0_202&apos;&#10;Driver info: org.openqa.selenium.firefox.FirefoxDriver&#10;Command: [8fe9a10f-a6b5-473b-86d8-6fb9cdd055db, clickElement {id=019ffb5c-4659-4fce-986b-9352ca2c135b}]&#10;Capabilities {acceptInsecureCerts: true, browserName: firefox, browserVersion: 140.0, javascriptEnabled: true, moz:accessibilityChecks: false, moz:buildID: 20250530091050, moz:geckodriverVersion: 0.36.0, moz:headless: false, moz:platformVersion: 10.0, moz:processID: 62948, moz:profile: C:\Users\andre\AppData\Loca..., moz:shutdownTimeout: 60000, moz:webdriverClick: true, moz:windowless: false, pageLoadStrategy: normal, platform: WINDOWS, platformName: WINDOWS, proxy: Proxy(), setWindowRect: true, strictFileInteractability: false, timeouts: {implicit: 0, pageLoad: 300000, script: 30000}, unhandledPromptBehavior: dismiss and notify, userAgent: Mozilla/5.0 (Windows NT 10....}&#10;Element: [[FirefoxDriver: firefox on WINDOWS (8fe9a10f-a6b5-473b-86d8-6fb9cdd055db)] -&gt; css selector: button.search-form__submit]&#10;Session ID: 8fe9a10f-a6b5-473b-86d8-6fb9cdd055db" type="org.openqa.selenium.ElementClickInterceptedException"><![CDATA[org.openqa.selenium.ElementClickInterceptedException: 
Element <button class="button button_color_green button_size_medium search-form__submit"> is not clickable at point (1029,64) because another element <iframe src="https://accounts.google.com/gsi/iframe/select?client_id=5458514456-8gm2oc3quosun7cj5p56nmiurcv7npjn.apps.googleusercontent.com&ux_mode=popup&ui_mode=card&as=jueHmju1kAAgZ0v4uXIf1EvEd-wKykdN1_5cwO01aGk&is_itp=true&channel_id=dc1edb3cd93edc9f19094ff75365f7c98753dfd0e54db5a40734d16a9b16a8ee&origin=https%3A%2F%2Frozetka.com.ua&oauth2_auth_url=https%3A%2F%2Faccounts.google.com%2Fo%2Foauth2%2Fv2%2Fauth"> obscures it
Build info: version: '4.1.4', revision: '535d840ee2'
System info: host: 'EXJUSTICE', ip: '192.168.0.102', os.name: 'Windows 10', os.arch: 'amd64', os.version: '10.0', java.version: '1.8.0_202'
Driver info: org.openqa.selenium.firefox.FirefoxDriver
Command: [8fe9a10f-a6b5-473b-86d8-6fb9cdd055db, clickElement {id=019ffb5c-4659-4fce-986b-9352ca2c135b}]
Capabilities {acceptInsecureCerts: true, browserName: firefox, browserVersion: 140.0, javascriptEnabled: true, moz:accessibilityChecks: false, moz:buildID: 20250530091050, moz:geckodriverVersion: 0.36.0, moz:headless: false, moz:platformVersion: 10.0, moz:processID: 62948, moz:profile: C:\Users\andre\AppData\Loca..., moz:shutdownTimeout: 60000, moz:webdriverClick: true, moz:windowless: false, pageLoadStrategy: normal, platform: WINDOWS, platformName: WINDOWS, proxy: Proxy(), setWindowRect: true, strictFileInteractability: false, timeouts: {implicit: 0, pageLoad: 300000, script: 30000}, unhandledPromptBehavior: dismiss and notify, userAgent: Mozilla/5.0 (Windows NT 10....}
Element: [[FirefoxDriver: firefox on WINDOWS (8fe9a10f-a6b5-473b-86d8-6fb9cdd055db)] -> css selector: button.search-form__submit]
Session ID: 8fe9a10f-a6b5-473b-86d8-6fb9cdd055db
	at com.rozetka.tests.CartTest.testProductAddedToCart(CartTest.java:14)
]]></failure>
  </testcase>
</testsuite>